<?xml version="1.0" encoding="UTF-8"?>
<testsuite name="hello.hellospirng.HelloSpirngApplicationTests" tests="1" skipped="0" failures="0" errors="0" timestamp="2022-01-22T11:37:50" hostname="DESKTOP-9N2OMU9" time="0.343">
  <properties/>
  <testcase name="contextLoads()" classname="hello.hellospirng.HelloSpirngApplicationTests" time="0.343"/>
  <system-out><![CDATA[20:37:48.802 [Test worker] DEBUG org.springframework.test.context.BootstrapUtils - Instantiating CacheAwareContextLoaderDelegate from class [org.springframework.test.context.cache.DefaultCacheAwareContextLoaderDelegate]
20:37:48.802 [Test worker] DEBUG org.springframework.test.context.BootstrapUtils - Instantiating BootstrapContext using constructor [public org.springframework.test.context.support.DefaultBootstrapContext(java.lang.Class,org.springframework.test.context.CacheAwareContextLoaderDelegate)]
20:37:48.834 [Test worker] DEBUG org.springframework.test.context.BootstrapUtils - Instantiating TestContextBootstrapper for test class [hello.hellospirng.HelloSpirngApplicationTests] from class [org.springframework.boot.test.context.SpringBootTestContextBootstrapper]
20:37:48.849 [Test worker] INFO org.springframework.boot.test.context.SpringBootTestContextBootstrapper - Neither @ContextConfiguration nor @ContextHierarchy found for test class [hello.hellospirng.HelloSpirngApplicationTests], using SpringBootContextLoader
20:37:48.849 [Test worker] DEBUG org.springframework.test.context.support.AbstractContextLoader - Did not detect default resource location for test class [hello.hellospirng.HelloSpirngApplicationTests]: class path resource [hello/hellospirng/HelloSpirngApplicationTests-context.xml] does not exist
20:37:48.849 [Test worker] DEBUG org.springframework.test.context.support.AbstractContextLoader - Did not detect default resource location for test class [hello.hellospirng.HelloSpirngApplicationTests]: class path resource [hello/hellospirng/HelloSpirngApplicationTestsContext.groovy] does not exist
20:37:48.849 [Test worker] INFO org.springframework.test.context.support.AbstractContextLoader - Could not detect default resource locations for test class [hello.hellospirng.HelloSpirngApplicationTests]: no resource found for suffixes {-context.xml, Context.groovy}.
20:37:48.849 [Test worker] INFO org.springframework.test.context.support.AnnotationConfigContextLoaderUtils - Could not detect default configuration classes for test class [hello.hellospirng.HelloSpirngApplicationTests]: HelloSpirngApplicationTests does not declare any static, non-private, non-final, nested classes annotated with @Configuration.
20:37:48.896 [Test worker] DEBUG org.springframework.test.context.support.ActiveProfilesUtils - Could not find an 'annotation declaring class' for annotation type [org.springframework.test.context.ActiveProfiles] and class [hello.hellospirng.HelloSpirngApplicationTests]
20:37:48.959 [Test worker] DEBUG org.springframework.context.annotation.ClassPathScanningCandidateComponentProvider - Identified candidate component class: file [C:\Users\js\Desktop\실습 및 강의\Spring 입문\hello-spirng\build\classes\java\main\hello\hellospirng\HelloSpirngApplication.class]
20:37:48.959 [Test worker] INFO org.springframework.boot.test.context.SpringBootTestContextBootstrapper - Found @SpringBootConfiguration hello.hellospirng.HelloSpirngApplication for test class hello.hellospirng.HelloSpirngApplicationTests
20:37:49.052 [Test worker] DEBUG org.springframework.boot.test.context.SpringBootTestContextBootstrapper - @TestExecutionListeners is not present for class [hello.hellospirng.HelloSpirngApplicationTests]: using defaults.
20:37:49.052 [Test worker] INFO org.springframework.boot.test.context.SpringBootTestContextBootstrapper - Loaded default TestExecutionListener class names from location [META-INF/spring.factories]: [org.springframework.boot.test.autoconfigure.restdocs.RestDocsTestExecutionListener, org.springframework.boot.test.autoconfigure.web.client.MockRestServiceServerResetTestExecutionListener, org.springframework.boot.test.autoconfigure.web.servlet.MockMvcPrintOnlyOnFailureTestExecutionListener, org.springframework.boot.test.autoconfigure.web.servlet.WebDriverTestExecutionListener, org.springframework.boot.test.autoconfigure.webservices.client.MockWebServiceServerTestExecutionListener, org.springframework.boot.test.mock.mockito.MockitoTestExecutionListener, org.springframework.boot.test.mock.mockito.ResetMocksTestExecutionListener, org.springframework.test.context.web.ServletTestExecutionListener, org.springframework.test.context.support.DirtiesContextBeforeModesTestExecutionListener, org.springframework.test.context.event.ApplicationEventsTestExecutionListener, org.springframework.test.context.support.DependencyInjectionTestExecutionListener, org.springframework.test.context.support.DirtiesContextTestExecutionListener, org.springframework.test.context.transaction.TransactionalTestExecutionListener, org.springframework.test.context.jdbc.SqlScriptsTestExecutionListener, org.springframework.test.context.event.EventPublishingTestExecutionListener]
20:37:49.068 [Test worker] DEBUG org.springframework.boot.test.context.SpringBootTestContextBootstrapper - Skipping candidate TestExecutionListener [org.springframework.test.context.transaction.TransactionalTestExecutionListener] due to a missing dependency. Specify custom listener classes or make the default listener classes and their required dependencies available. Offending class: [org/springframework/transaction/interceptor/TransactionAttributeSource]
20:37:49.068 [Test worker] DEBUG org.springframework.boot.test.context.SpringBootTestContextBootstrapper - Skipping candidate TestExecutionListener [org.springframework.test.context.jdbc.SqlScriptsTestExecutionListener] due to a missing dependency. Specify custom listener classes or make the default listener classes and their required dependencies available. Offending class: [org/springframework/transaction/interceptor/TransactionAttribute]
20:37:49.068 [Test worker] INFO org.springframework.boot.test.context.SpringBootTestContextBootstrapper - Using TestExecutionListeners: [org.springframework.test.context.web.ServletTestExecutionListener@4fbdc0f0, org.springframework.test.context.support.DirtiesContextBeforeModesTestExecutionListener@2ad3a1bb, org.springframework.test.context.event.ApplicationEventsTestExecutionListener@6bc28a83, org.springframework.boot.test.mock.mockito.MockitoTestExecutionListener@324c64cd, org.springframework.boot.test.autoconfigure.SpringBootDependencyInjectionTestExecutionListener@13579834, org.springframework.test.context.support.DirtiesContextTestExecutionListener@24be2d9c, org.springframework.test.context.event.EventPublishingTestExecutionListener@5bd73d1a, org.springframework.boot.test.autoconfigure.restdocs.RestDocsTestExecutionListener@aec50a1, org.springframework.boot.test.autoconfigure.web.client.MockRestServiceServerResetTestExecutionListener@2555fff0, org.springframework.boot.test.autoconfigure.web.servlet.MockMvcPrintOnlyOnFailureTestExecutionListener@70d2e40b, org.springframework.boot.test.autoconfigure.web.servlet.WebDriverTestExecutionListener@120f38e6, org.springframework.boot.test.autoconfigure.webservices.client.MockWebServiceServerTestExecutionListener@7a0e1b5e, org.springframework.boot.test.mock.mockito.ResetMocksTestExecutionListener@702ed190]
20:37:49.085 [Test worker] DEBUG org.springframework.test.context.support.AbstractDirtiesContextTestExecutionListener - Before test class: context [DefaultTestContext@69adf72c testClass = HelloSpirngApplicationTests, testInstance = [null], testMethod = [null], testException = [null], mergedContextConfiguration = [WebMergedContextConfiguration@797501a testClass = HelloSpirngApplicationTests, locations = '{}', classes = '{class hello.hellospirng.HelloSpirngApplication}', contextInitializerClasses = '[]', activeProfiles = '{}', propertySourceLocations = '{}', propertySourceProperties = '{org.springframework.boot.test.context.SpringBootTestContextBootstrapper=true}', contextCustomizers = set[org.springframework.boot.test.autoconfigure.actuate.metrics.MetricsExportContextCustomizerFactory$DisableMetricExportContextCustomizer@4bd1f8dd, org.springframework.boot.test.autoconfigure.properties.PropertyMappingContextCustomizer@0, org.springframework.boot.test.autoconfigure.web.servlet.WebDriverContextCustomizerFactory$Customizer@246f8b8b, org.springframework.boot.test.context.filter.ExcludeFilterContextCustomizer@11981797, org.springframework.boot.test.json.DuplicateJsonObjectContextCustomizerFactory$DuplicateJsonObjectContextCustomizer@5b1f29fa, org.springframework.boot.test.mock.mockito.MockitoContextCustomizer@0, org.springframework.boot.test.web.client.TestRestTemplateContextCustomizer@3eeb318f, org.springframework.boot.test.context.SpringBootTestArgs@1, org.springframework.boot.test.context.SpringBootTestWebEnvironment@3e2055d6], resourceBasePath = 'src/main/webapp', contextLoader = 'org.springframework.boot.test.context.SpringBootContextLoader', parent = [null]], attributes = map['org.springframework.test.context.web.ServletTestExecutionListener.activateListener' -> true]], class annotated with @DirtiesContext [false] with mode [null].

  .   ____          _            __ _ _
 /\\ / ___'_ __ _ _(_)_ __  __ _ \ \ \ \
( ( )\___ | '_ | '_| | '_ \/ _` | \ \ \ \
 \\/  ___)| |_)| | | | | || (_| |  ) ) ) )
  '  |____| .__|_| |_|_| |_\__, | / / / /
 =========|_|==============|___/=/_/_/_/
 :: Spring Boot ::                (v2.6.3)

2022-01-22 20:37:49.398  INFO 14712 --- [    Test worker] h.h.HelloSpirngApplicationTests          : Starting HelloSpirngApplicationTests using Java 11.0.12 on DESKTOP-9N2OMU9 with PID 14712 (started by js in C:\Users\js\Desktop\실습 및 강의\Spring 입문\hello-spirng)
2022-01-22 20:37:49.398  INFO 14712 --- [    Test worker] h.h.HelloSpirngApplicationTests          : No active profile set, falling back to default profiles: default
2022-01-22 20:37:50.624  INFO 14712 --- [    Test worker] o.s.b.a.w.s.WelcomePageHandlerMapping    : Adding welcome page: class path resource [static/index.html]
2022-01-22 20:37:50.874  INFO 14712 --- [    Test worker] h.h.HelloSpirngApplicationTests          : Started HelloSpirngApplicationTests in 1.754 seconds (JVM running for 2.944)
]]></system-out>
  <system-err><![CDATA[]]></system-err>
</testsuite>
